------------------------------------------------------------------------
r170 | ma.faucher | 2010-12-10 21:16:11 -0500 (Fri, 10 Dec 2010) | 1 line

change password
------------------------------------------------------------------------
r169 | ma.faucher | 2010-12-10 21:12:30 -0500 (Fri, 10 Dec 2010) | 1 line

restrict guests
------------------------------------------------------------------------
r168 | leila_behjati@yahoo.com | 2010-12-10 21:06:02 -0500 (Fri, 10 Dec 2010) | 1 line

Final trigger
------------------------------------------------------------------------
r167 | ma.faucher | 2010-12-10 20:49:34 -0500 (Fri, 10 Dec 2010) | 1 line

users can change passwords provided they have answered questions
------------------------------------------------------------------------
r166 | leila_behjati@yahoo.com | 2010-12-10 20:23:49 -0500 (Fri, 10 Dec 2010) | 1 line

Final without bug in creationScript.sql
------------------------------------------------------------------------
r165 | leila_behjati@yahoo.com | 2010-12-10 19:49:34 -0500 (Fri, 10 Dec 2010) | 1 line

Final CreationScript.sql
------------------------------------------------------------------------
r164 | ma.faucher | 2010-12-10 19:42:23 -0500 (Fri, 10 Dec 2010) | 1 line

fixed rating page
------------------------------------------------------------------------
r163 | ma.faucher | 2010-12-10 19:32:51 -0500 (Fri, 10 Dec 2010) | 1 line

things
------------------------------------------------------------------------
r162 | ma.faucher | 2010-12-10 19:31:16 -0500 (Fri, 10 Dec 2010) | 1 line

editing comments work, and minor things with search fixed
------------------------------------------------------------------------
r161 | leila_behjati@yahoo.com | 2010-12-10 19:28:03 -0500 (Fri, 10 Dec 2010) | 1 line

Fill in the Ustrings CreationScript
------------------------------------------------------------------------
r160 | leila_behjati@yahoo.com | 2010-12-10 18:58:13 -0500 (Fri, 10 Dec 2010) | 1 line

Fill in the Ustrings for superEvaluation in CreationScript
------------------------------------------------------------------------
r159 | leila_behjati@yahoo.com | 2010-12-10 18:20:11 -0500 (Fri, 10 Dec 2010) | 1 line

New tables  in CreationScript
------------------------------------------------------------------------
r158 | leila_behjati@yahoo.com | 2010-12-10 17:56:51 -0500 (Fri, 10 Dec 2010) | 1 line

Supervisor Comment is added CreationScript
------------------------------------------------------------------------
r157 | leila_behjati@yahoo.com | 2010-12-10 17:34:15 -0500 (Fri, 10 Dec 2010) | 1 line

New things in CreationScript
------------------------------------------------------------------------
r156 | pete.rockwell@gmail.com | 2010-12-10 16:25:52 -0500 (Fri, 10 Dec 2010) | 1 line

upload file again
------------------------------------------------------------------------
r155 | pete.rockwell@gmail.com | 2010-12-10 16:23:38 -0500 (Fri, 10 Dec 2010) | 1 line

upload file added
------------------------------------------------------------------------
r154 | pete.rockwell@gmail.com | 2010-12-10 16:22:01 -0500 (Fri, 10 Dec 2010) | 1 line

added document form
------------------------------------------------------------------------
r153 | pete.rockwell@gmail.com | 2010-12-10 16:17:02 -0500 (Fri, 10 Dec 2010) | 1 line

Documents can now be properly reported
------------------------------------------------------------------------
r152 | pete.rockwell@gmail.com | 2010-12-10 15:56:24 -0500 (Fri, 10 Dec 2010) | 1 line

Documents can now be uploaded and commented on
------------------------------------------------------------------------
r151 | ma.faucher | 2010-12-10 15:52:56 -0500 (Fri, 10 Dec 2010) | 1 line

edit rating and orgEval works
------------------------------------------------------------------------
r150 | leila_behjati@yahoo.com | 2010-12-10 15:32:45 -0500 (Fri, 10 Dec 2010) | 1 line

More values for Org Evaluation
------------------------------------------------------------------------
r149 | leila_behjati@yahoo.com | 2010-12-10 15:04:29 -0500 (Fri, 10 Dec 2010) | 1 line

changes to ORGANIZATION COMMENTS
------------------------------------------------------------------------
r148 | leila_behjati@yahoo.com | 2010-12-10 14:39:48 -0500 (Fri, 10 Dec 2010) | 1 line

changes to all Ustring and Org Evaluation
------------------------------------------------------------------------
r147 | pete.rockwell@gmail.com | 2010-12-10 14:08:30 -0500 (Fri, 10 Dec 2010) | 1 line

changes to documents: must always include file extension
------------------------------------------------------------------------
r146 | pete.rockwell@gmail.com | 2010-12-10 13:57:03 -0500 (Fri, 10 Dec 2010) | 1 line

Changes to the document table and document file names - refresh your database
------------------------------------------------------------------------
r145 | leila_behjati@yahoo.com | 2010-12-10 13:29:40 -0500 (Fri, 10 Dec 2010) | 1 line

I modified README
------------------------------------------------------------------------
r144 | leila_behjati@yahoo.com | 2010-12-10 13:15:42 -0500 (Fri, 10 Dec 2010) | 1 line

Organization documents 
------------------------------------------------------------------------
r143 | ma.faucher | 2010-12-10 13:04:51 -0500 (Fri, 10 Dec 2010) | 1 line

site admin almost done
------------------------------------------------------------------------
r142 | leila_behjati@yahoo.com | 2010-12-10 13:03:48 -0500 (Fri, 10 Dec 2010) | 1 line

company logos
------------------------------------------------------------------------
r141 | leila_behjati@yahoo.com | 2010-12-10 13:01:10 -0500 (Fri, 10 Dec 2010) | 1 line

creation script
------------------------------------------------------------------------
r140 | pete.rockwell@gmail.com | 2010-12-10 12:45:20 -0500 (Fri, 10 Dec 2010) | 1 line

added an organization header to any page where orgId is set. Now with styling
------------------------------------------------------------------------
r139 | pete.rockwell@gmail.com | 2010-12-10 12:44:53 -0500 (Fri, 10 Dec 2010) | 1 line

added an organization header to any page where orgId is set
------------------------------------------------------------------------
r138 | ma.faucher | 2010-12-10 05:29:04 -0500 (Fri, 10 Dec 2010) | 1 line

ad keywords 7
------------------------------------------------------------------------
r137 | ma.faucher | 2010-12-10 05:22:41 -0500 (Fri, 10 Dec 2010) | 1 line

ad keywords 6
------------------------------------------------------------------------
r136 | ma.faucher | 2010-12-10 05:20:39 -0500 (Fri, 10 Dec 2010) | 1 line

ad keywords 5
------------------------------------------------------------------------
r135 | ma.faucher | 2010-12-10 05:17:20 -0500 (Fri, 10 Dec 2010) | 1 line

ad keywords 4
------------------------------------------------------------------------
r134 | ma.faucher | 2010-12-10 05:14:51 -0500 (Fri, 10 Dec 2010) | 1 line

ad keywords 3
------------------------------------------------------------------------
r133 | ma.faucher | 2010-12-10 05:06:48 -0500 (Fri, 10 Dec 2010) | 1 line

ad keywords 2
------------------------------------------------------------------------
r132 | ma.faucher | 2010-12-10 04:58:32 -0500 (Fri, 10 Dec 2010) | 1 line

ad keywords 1
------------------------------------------------------------------------
r131 | ma.faucher | 2010-12-10 04:24:11 -0500 (Fri, 10 Dec 2010) | 1 line

minor changes
------------------------------------------------------------------------
r130 | ma.faucher | 2010-12-10 00:22:54 -0500 (Fri, 10 Dec 2010) | 1 line

search all works
------------------------------------------------------------------------
r129 | ma.faucher | 2010-12-09 23:56:47 -0500 (Thu, 09 Dec 2010) | 1 line

search works for orgs, orgevals and superevals
------------------------------------------------------------------------
r128 | ma.faucher | 2010-12-09 22:55:43 -0500 (Thu, 09 Dec 2010) | 1 line

search for org and orgEval works + fixed POST form validation in Peter's pages so that it looks for a specific form
------------------------------------------------------------------------
r127 | ma.faucher | 2010-12-09 19:32:54 -0500 (Thu, 09 Dec 2010) | 1 line

ads update hits
------------------------------------------------------------------------
r126 | ma.faucher | 2010-12-09 19:02:36 -0500 (Thu, 09 Dec 2010) | 1 line

search ads
------------------------------------------------------------------------
r125 | ma.faucher | 2010-12-09 15:25:13 -0500 (Thu, 09 Dec 2010) | 1 line

org name now in menu because header doesn't know about ordId
------------------------------------------------------------------------
r124 | ma.faucher | 2010-12-09 14:59:00 -0500 (Thu, 09 Dec 2010) | 1 line

company name in header 3
------------------------------------------------------------------------
r123 | ma.faucher | 2010-12-09 14:58:01 -0500 (Thu, 09 Dec 2010) | 1 line

company name in header
------------------------------------------------------------------------
r122 | ma.faucher | 2010-12-09 14:55:58 -0500 (Thu, 09 Dec 2010) | 1 line

company name in header
------------------------------------------------------------------------
r121 | ma.faucher | 2010-12-09 14:36:50 -0500 (Thu, 09 Dec 2010) | 1 line

added 'activity' tables to creation script + small fixes
------------------------------------------------------------------------
r120 | ma.faucher | 2010-12-09 13:22:00 -0500 (Thu, 09 Dec 2010) | 1 line

leila: added orgs/supers/ads to creationScript
------------------------------------------------------------------------
r119 | ma.faucher | 2010-12-07 16:29:02 -0500 (Tue, 07 Dec 2010) | 1 line

orgeval flags work
------------------------------------------------------------------------
r118 | ma.faucher | 2010-12-07 16:16:52 -0500 (Tue, 07 Dec 2010) | 1 line

admins can now do things
------------------------------------------------------------------------
r117 | pete.rockwell@gmail.com | 2010-12-07 16:09:37 -0500 (Tue, 07 Dec 2010) | 1 line

reporting added to evaluations and comments
------------------------------------------------------------------------
r116 | ma.faucher | 2010-12-07 07:41:00 -0500 (Tue, 07 Dec 2010) | 1 line

user test 2
------------------------------------------------------------------------
r115 | ma.faucher | 2010-12-07 07:36:08 -0500 (Tue, 07 Dec 2010) | 1 line

user test 1
------------------------------------------------------------------------
r114 | ma.faucher | 2010-12-07 07:33:50 -0500 (Tue, 07 Dec 2010) | 1 line

fixed admin
------------------------------------------------------------------------
r113 | ma.faucher | 2010-12-07 07:30:38 -0500 (Tue, 07 Dec 2010) | 1 line

fixed js + add content to site admin page
------------------------------------------------------------------------
r112 | pete.rockwell@gmail.com | 2010-12-07 06:05:57 -0500 (Tue, 07 Dec 2010) | 1 line

basic evaluations and comments added to organizations and supervisors
------------------------------------------------------------------------
r111 | ma.faucher | 2010-12-07 05:47:04 -0500 (Tue, 07 Dec 2010) | 1 line

relocated documents inside the website root to be accessible from the client side
------------------------------------------------------------------------
r110 | leila_behjati@yahoo.com | 2010-12-06 22:53:45 -0500 (Mon, 06 Dec 2010) | 1 line

I added the *.pdf files
------------------------------------------------------------------------
r109 | leila_behjati@yahoo.com | 2010-12-06 22:48:57 -0500 (Mon, 06 Dec 2010) | 1 line

I added more documents
------------------------------------------------------------------------
r108 | leila_behjati@yahoo.com | 2010-12-06 22:11:02 -0500 (Mon, 06 Dec 2010) | 1 line

I added comment for Bell 
------------------------------------------------------------------------
r107 | ma.faucher | 2010-12-06 21:25:05 -0500 (Mon, 06 Dec 2010) | 1 line

document folder (empty) and README
------------------------------------------------------------------------
r106 | leila_behjati@yahoo.com | 2010-12-06 20:42:48 -0500 (Mon, 06 Dec 2010) | 1 line

I changed the Style.CSS file
------------------------------------------------------------------------
r105 | ma.faucher | 2010-12-06 20:18:46 -0500 (Mon, 06 Dec 2010) | 1 line

changed readme
------------------------------------------------------------------------
r104 | ma.faucher | 2010-12-06 19:16:57 -0500 (Mon, 06 Dec 2010) | 1 line

trying to fix js
------------------------------------------------------------------------
r103 | ma.faucher | 2010-12-06 13:11:16 -0500 (Mon, 06 Dec 2010) | 1 line

in business table  'email' is now 'website'
------------------------------------------------------------------------
r102 | ma.faucher | 2010-12-05 20:49:17 -0500 (Sun, 05 Dec 2010) | 1 line

ads ~finished, financial admin page populates with pending ads but missing controls
------------------------------------------------------------------------
r101 | pete.rockwell@gmail.com | 2010-12-05 05:11:22 -0500 (Sun, 05 Dec 2010) | 1 line

more changes to evaluations.
------------------------------------------------------------------------
r100 | pete.rockwell@gmail.com | 2010-12-05 03:20:22 -0500 (Sun, 05 Dec 2010) | 1 line

started evaluation and comment forms.
------------------------------------------------------------------------
r99 | pete.rockwell@gmail.com | 2010-12-04 20:38:05 -0500 (Sat, 04 Dec 2010) | 1 line

supervior listing has been added with a suggest supervisor form
------------------------------------------------------------------------
r98 | ma.faucher | 2010-12-04 20:09:14 -0500 (Sat, 04 Dec 2010) | 1 line

advertisements almost done
------------------------------------------------------------------------
r97 | pete.rockwell@gmail.com | 2010-12-04 19:30:30 -0500 (Sat, 04 Dec 2010) | 1 line

suggestorg form implemented note: no value checking on input fields yet
------------------------------------------------------------------------
r96 | pete.rockwell@gmail.com | 2010-12-04 19:04:00 -0500 (Sat, 04 Dec 2010) | 1 line

added new form files for org and rating
------------------------------------------------------------------------
r95 | pete.rockwell@gmail.com | 2010-12-04 18:41:56 -0500 (Sat, 04 Dec 2010) | 1 line

Rating form implemented, beginning organization suggest form
------------------------------------------------------------------------
r94 | ma.faucher | 2010-12-04 17:40:13 -0500 (Sat, 04 Dec 2010) | 1 line

added isPending to ad table + added administration table
------------------------------------------------------------------------
r93 | ma.faucher | 2010-12-04 15:37:26 -0500 (Sat, 04 Dec 2010) | 1 line

Agents can now create a business
------------------------------------------------------------------------
r92 | pete.rockwell@gmail.com | 2010-12-04 15:05:57 -0500 (Sat, 04 Dec 2010) | 1 line

In process of creating ratingform page.
------------------------------------------------------------------------
r91 | pete.rockwell@gmail.com | 2010-12-04 14:02:21 -0500 (Sat, 04 Dec 2010) | 1 line

Changes to organizationid and style pages to make the formatting better (making sure css page is updated).
------------------------------------------------------------------------
r90 | pete.rockwell@gmail.com | 2010-12-04 14:01:26 -0500 (Sat, 04 Dec 2010) | 1 line

Changes to organizationid and style pages to make the formatting better.
------------------------------------------------------------------------
r89 | ma.faucher | 2010-12-04 13:00:30 -0500 (Sat, 04 Dec 2010) | 1 line

changes to creationScript
------------------------------------------------------------------------
r88 | ma.faucher | 2010-12-03 17:39:24 -0500 (Fri, 03 Dec 2010) | 1 line

last minute changes before leaving
------------------------------------------------------------------------
r87 | ma.faucher | 2010-12-03 16:49:09 -0500 (Fri, 03 Dec 2010) | 1 line

registration/login is flawless! + unset  in general pages
------------------------------------------------------------------------
r86 | pete.rockwell@gmail.com | 2010-12-03 14:53:14 -0500 (Fri, 03 Dec 2010) | 1 line

changes to organization
------------------------------------------------------------------------
r85 | ma.faucher | 2010-12-03 13:13:13 -0500 (Fri, 03 Dec 2010) | 1 line

fixed login system
------------------------------------------------------------------------
r84 | ma.faucher | 2010-12-03 12:52:22 -0500 (Fri, 03 Dec 2010) | 1 line

missing paren 2
------------------------------------------------------------------------
r83 | ma.faucher | 2010-12-03 12:51:42 -0500 (Fri, 03 Dec 2010) | 1 line

missing paren 2
------------------------------------------------------------------------
r82 | ma.faucher | 2010-12-03 12:50:26 -0500 (Fri, 03 Dec 2010) | 1 line

missing paren
------------------------------------------------------------------------
r81 | ma.faucher | 2010-12-03 12:39:30 -0500 (Fri, 03 Dec 2010) | 1 line

orgId in session
------------------------------------------------------------------------
r80 | ma.faucher | 2010-12-03 12:32:38 -0500 (Fri, 03 Dec 2010) | 1 line

unset removed
------------------------------------------------------------------------
r79 | ma.faucher | 2010-12-03 12:27:41 -0500 (Fri, 03 Dec 2010) | 1 line

fixed checklogin, should now be final
------------------------------------------------------------------------
r78 | ma.faucher | 2010-12-03 12:21:56 -0500 (Fri, 03 Dec 2010) | 1 line

register 1
------------------------------------------------------------------------
r77 | ma.faucher | 2010-12-03 12:06:20 -0500 (Fri, 03 Dec 2010) | 1 line

small changes
------------------------------------------------------------------------
r76 | ma.faucher | 2010-12-01 18:36:20 -0500 (Wed, 01 Dec 2010) | 1 line

minor change in checklogin.php
------------------------------------------------------------------------
r75 | ma.faucher | 2010-12-01 18:34:35 -0500 (Wed, 01 Dec 2010) | 1 line

fixed password md5sum to correspond to PHP md5
------------------------------------------------------------------------
r74 | ma.faucher | 2010-12-01 18:31:12 -0500 (Wed, 01 Dec 2010) | 1 line

fixed syntax error in creationScript (missing , and ;)
------------------------------------------------------------------------
r73 | ma.faucher | 2010-12-01 18:03:47 -0500 (Wed, 01 Dec 2010) | 1 line

fixed a missing semicolon in pages.php
------------------------------------------------------------------------
r72 | ma.faucher | 2010-12-01 17:59:34 -0500 (Wed, 01 Dec 2010) | 1 line

menu should be dynamic now
------------------------------------------------------------------------
r71 | leila_behjati@yahoo.com | 2010-12-01 14:10:19 -0500 (Wed, 01 Dec 2010) | 1 line

Some test value has been added to SQL
------------------------------------------------------------------------
r70 | ma.faucher | 2010-12-01 13:27:23 -0500 (Wed, 01 Dec 2010) | 1 line

checklogin now works with database
------------------------------------------------------------------------
r69 | ma.faucher | 2010-12-01 12:08:55 -0500 (Wed, 01 Dec 2010) | 1 line

check login test1
------------------------------------------------------------------------
r68 | ma.faucher | 2010-12-01 12:04:17 -0500 (Wed, 01 Dec 2010) | 1 line

sql fixed
------------------------------------------------------------------------
r67 | ma.faucher | 2010-12-01 11:58:37 -0500 (Wed, 01 Dec 2010) | 1 line

foreign key 2
------------------------------------------------------------------------
r66 | ma.faucher | 2010-12-01 11:56:16 -0500 (Wed, 01 Dec 2010) | 1 line

foreign keys
------------------------------------------------------------------------
r65 | ma.faucher | 2010-11-30 17:24:07 -0500 (Tue, 30 Nov 2010) | 1 line

I broke login, just getting the site back up
------------------------------------------------------------------------
r64 | ma.faucher | 2010-11-30 16:47:11 -0500 (Tue, 30 Nov 2010) | 1 line

I broke login, will fix later
------------------------------------------------------------------------
r63 | ma.faucher | 2010-11-30 16:31:16 -0500 (Tue, 30 Nov 2010) | 1 line

updatedb.sh script
------------------------------------------------------------------------
r62 | ma.faucher | 2010-11-30 16:29:33 -0500 (Tue, 30 Nov 2010) | 1 line

login with db 2
------------------------------------------------------------------------
r61 | ma.faucher | 2010-11-30 16:23:45 -0500 (Tue, 30 Nov 2010) | 1 line

login with db
------------------------------------------------------------------------
r60 | ma.faucher | 2010-11-30 15:07:11 -0500 (Tue, 30 Nov 2010) | 1 line

Added 'name' to user table, and created test data
------------------------------------------------------------------------
r59 | ma.faucher | 2010-11-27 10:07:38 -0500 (Sat, 27 Nov 2010) | 1 line

removed warnings for session
------------------------------------------------------------------------
r58 | ma.faucher | 2010-11-27 10:03:17 -0500 (Sat, 27 Nov 2010) | 1 line

trying to fix session
------------------------------------------------------------------------
r57 | ma.faucher | 2010-11-26 12:25:55 -0500 (Fri, 26 Nov 2010) | 1 line

query test4
------------------------------------------------------------------------
r56 | ma.faucher | 2010-11-26 12:14:39 -0500 (Fri, 26 Nov 2010) | 1 line

query test3
------------------------------------------------------------------------
r55 | ma.faucher | 2010-11-26 12:08:30 -0500 (Fri, 26 Nov 2010) | 1 line

query test2
------------------------------------------------------------------------
r54 | ma.faucher | 2010-11-26 12:07:16 -0500 (Fri, 26 Nov 2010) | 1 line

sql query test
------------------------------------------------------------------------
r53 | ma.faucher | 2010-11-25 17:09:48 -0500 (Thu, 25 Nov 2010) | 1 line

reverted style.css, I had deleted it by error
------------------------------------------------------------------------
r52 | ma.faucher | 2010-11-25 17:04:53 -0500 (Thu, 25 Nov 2010) | 1 line

fixed menu & company -> organization
------------------------------------------------------------------------
r51 | ma.faucher | 2010-11-24 17:47:46 -0500 (Wed, 24 Nov 2010) | 1 line

grr.. that ****ing searchbox -- made it a bit lower so it's not in the way
------------------------------------------------------------------------
r50 | pete.rockwell@gmail.com | 2010-11-24 15:14:25 -0500 (Wed, 24 Nov 2010) | 1 line

User, ad and business tables added to sql creation script.
------------------------------------------------------------------------
r49 | ma.faucher | 2010-11-24 14:53:32 -0500 (Wed, 24 Nov 2010) | 1 line

replaced dummy text main.php, fixed z-index problem with searchbox, small tweaks to index.php
------------------------------------------------------------------------
r48 | pete.rockwell@gmail.com | 2010-11-23 04:43:10 -0500 (Tue, 23 Nov 2010) | 1 line

creation script updated - only a few more tables to complete. Need to discuss queries for tags table.
------------------------------------------------------------------------
r47 | ma.faucher | 2010-11-19 19:40:21 -0500 (Fri, 19 Nov 2010) | 1 line

logout/login final touches for today
------------------------------------------------------------------------
r46 | ma.faucher | 2010-11-19 19:33:22 -0500 (Fri, 19 Nov 2010) | 1 line

z-index and logout 4
------------------------------------------------------------------------
r45 | ma.faucher | 2010-11-19 19:27:51 -0500 (Fri, 19 Nov 2010) | 1 line

z-index and logout 3
------------------------------------------------------------------------
r44 | ma.faucher | 2010-11-19 18:59:27 -0500 (Fri, 19 Nov 2010) | 1 line

logout 2
------------------------------------------------------------------------
r43 | ma.faucher | 2010-11-19 18:49:35 -0500 (Fri, 19 Nov 2010) | 1 line

logout 1
------------------------------------------------------------------------
r42 | ma.faucher | 2010-11-19 18:42:23 -0500 (Fri, 19 Nov 2010) | 1 line

loginbox 8
------------------------------------------------------------------------
r41 | ma.faucher | 2010-11-19 18:40:07 -0500 (Fri, 19 Nov 2010) | 1 line

loginbox 7
------------------------------------------------------------------------
r40 | ma.faucher | 2010-11-19 18:35:51 -0500 (Fri, 19 Nov 2010) | 1 line

loginbox 6
------------------------------------------------------------------------
r39 | ma.faucher | 2010-11-19 14:48:17 -0500 (Fri, 19 Nov 2010) | 1 line

loginbox 3
------------------------------------------------------------------------
r38 | ma.faucher | 2010-11-19 14:44:13 -0500 (Fri, 19 Nov 2010) | 1 line

loginbox 2
------------------------------------------------------------------------
r37 | ma.faucher | 2010-11-19 14:38:59 -0500 (Fri, 19 Nov 2010) | 1 line

loginbox 1
------------------------------------------------------------------------
r36 | ma.faucher | 2010-11-19 14:30:33 -0500 (Fri, 19 Nov 2010) | 1 line

login 5
------------------------------------------------------------------------
r35 | ma.faucher | 2010-11-19 14:29:51 -0500 (Fri, 19 Nov 2010) | 1 line

login 4
------------------------------------------------------------------------
r34 | ma.faucher | 2010-11-19 14:29:06 -0500 (Fri, 19 Nov 2010) | 1 line

login 3
------------------------------------------------------------------------
r33 | ma.faucher | 2010-11-19 14:26:56 -0500 (Fri, 19 Nov 2010) | 1 line

login 2
------------------------------------------------------------------------
r32 | ma.faucher | 2010-11-19 14:24:38 -0500 (Fri, 19 Nov 2010) | 1 line

login 1
------------------------------------------------------------------------
r31 | ma.faucher | 2010-11-19 12:31:16 -0500 (Fri, 19 Nov 2010) | 1 line

session at start
------------------------------------------------------------------------
r30 | ma.faucher | 2010-11-18 09:31:40 -0500 (Thu, 18 Nov 2010) | 1 line

raised login z-index
------------------------------------------------------------------------
r29 | ma.faucher | 2010-11-18 09:29:39 -0500 (Thu, 18 Nov 2010) | 1 line

style tweaks
------------------------------------------------------------------------
r28 | ma.faucher | 2010-11-18 08:21:33 -0500 (Thu, 18 Nov 2010) | 1 line

menu style changes and title link
------------------------------------------------------------------------
r27 | ma.faucher | 2010-11-17 23:38:29 -0500 (Wed, 17 Nov 2010) | 1 line

Menu links & titles 4
------------------------------------------------------------------------
r26 | ma.faucher | 2010-11-17 23:32:15 -0500 (Wed, 17 Nov 2010) | 1 line

Menu links & titles 3
------------------------------------------------------------------------
r25 | ma.faucher | 2010-11-17 23:27:03 -0500 (Wed, 17 Nov 2010) | 1 line

Menu links & titles 2
------------------------------------------------------------------------
r24 | ma.faucher | 2010-11-17 23:23:56 -0500 (Wed, 17 Nov 2010) | 1 line

Proper links & titles in menu 1
------------------------------------------------------------------------
r23 | ma.faucher | 2010-11-17 19:41:52 -0500 (Wed, 17 Nov 2010) | 1 line

changed main .php files
------------------------------------------------------------------------
r22 | ma.faucher | 2010-11-17 18:53:52 -0500 (Wed, 17 Nov 2010) | 1 line

changed logo image from vector to bitmap
------------------------------------------------------------------------
r21 | ma.faucher | 2010-11-17 16:56:52 -0500 (Wed, 17 Nov 2010) | 1 line

test.html & style.css 3
------------------------------------------------------------------------
r20 | ma.faucher | 2010-11-17 14:28:07 -0500 (Wed, 17 Nov 2010) | 1 line

test.html 2 and cleaned up style.css
------------------------------------------------------------------------
r19 | ma.faucher | 2010-11-17 13:01:48 -0500 (Wed, 17 Nov 2010) | 1 line

test.html page template 1
------------------------------------------------------------------------
r18 | ma.faucher | 2010-11-14 15:07:22 -0500 (Sun, 14 Nov 2010) | 1 line

added empty searchbox.php menu.php global.php
------------------------------------------------------------------------
r17 | ma.faucher | 2010-11-14 12:53:45 -0500 (Sun, 14 Nov 2010) | 1 line

index 4
------------------------------------------------------------------------
r16 | ma.faucher | 2010-11-14 12:47:35 -0500 (Sun, 14 Nov 2010) | 1 line

index.php 3
------------------------------------------------------------------------
r15 | ma.faucher | 2010-11-14 11:38:22 -0500 (Sun, 14 Nov 2010) | 1 line

index.php 2
------------------------------------------------------------------------
r14 | ma.faucher | 2010-11-14 11:09:10 -0500 (Sun, 14 Nov 2010) | 1 line

updated index.php
------------------------------------------------------------------------
r13 | pete.rockwell@gmail.com | 2010-11-12 13:49:18 -0500 (Fri, 12 Nov 2010) | 1 line

adding a sql creation script that will generate our database. the sample.sql file is just for reference.
------------------------------------------------------------------------
r12 | ma.faucher | 2010-11-12 13:04:19 -0500 (Fri, 12 Nov 2010) | 1 line

site structure
------------------------------------------------------------------------
r11 | ma.faucher | 2010-11-05 12:39:57 -0400 (Fri, 05 Nov 2010) | 1 line

README - projected website url
------------------------------------------------------------------------
r10 | ma.faucher | 2010-11-05 12:37:49 -0400 (Fri, 05 Nov 2010) | 1 line

file structure and demo files
------------------------------------------------------------------------
r9 | ma.faucher | 2010-10-29 13:37:47 -0400 (Fri, 29 Oct 2010) | 1 line

deleted test files
------------------------------------------------------------------------
r8 | ma.faucher | 2010-10-29 13:32:36 -0400 (Fri, 29 Oct 2010) | 1 line

test3sdjkfj
------------------------------------------------------------------------
r7 | ma.faucher | 2010-10-29 13:30:43 -0400 (Fri, 29 Oct 2010) | 1 line

testsd
------------------------------------------------------------------------
r1 | (no author) | 2010-10-22 11:45:53 -0400 (Fri, 22 Oct 2010) | 1 line

Initial directory structure.
------------------------------------------------------------------------
